<?xml version="1.0" encoding="UTF-8"?>
<testng-results ignored="0" total="1" passed="1" failed="0" skipped="0">
  <reporter-output>
  </reporter-output>
  <suite started-at="2026-03-09T22:01:30 IST" name="Default suite" finished-at="2026-03-09T22:02:22 IST" duration-ms="51984">
    <groups>
    </groups>
    <test started-at="2026-03-09T22:01:30 IST" name="Default test" finished-at="2026-03-09T22:02:22 IST" duration-ms="51984">
      <class name="com.trip.HomePageDemo">
        <test-method is-config="true" signature="lauchBrowser()[pri:0, instance:com.trip.HomePageDemo@22fcf7ab]" started-at="2026-03-09T22:01:30 IST" name="lauchBrowser" finished-at="2026-03-09T22:01:35 IST" duration-ms="4501" status="PASS">
          <reporter-output>
          </reporter-output>
        </test-method> <!-- lauchBrowser -->
        <test-method signature="verifySearchButton()[pri:0, instance:com.trip.HomePageDemo@22fcf7ab]" started-at="2026-03-09T22:01:35 IST" name="verifySearchButton" finished-at="2026-03-09T22:02:22 IST" duration-ms="47428" status="PASS">
          <reporter-output>
          </reporter-output>
        </test-method> <!-- verifySearchButton -->
      </class> <!-- com.trip.HomePageDemo -->
    </test> <!-- Default test -->
  </suite> <!-- Default suite -->
</testng-results>
